[2025-07-30 09:45:42] INFO - Procesado exitosamente: RESOL. VADM - 3152 JULIETH ALEXANDRA FIGUEROA GUTIERREZ.pdf
[2025-07-30 09:53:58] INFO - Procesado exitosamente: RESOL. VADM - 3152 JULIETH ALEXANDRA FIGUEROA GUTIERREZ.pdf
[2025-07-30 09:57:19] INFO - Procesado exitosamente: RESOL. VADM - 3152 JULIETH ALEXANDRA FIGUEROA GUTIERREZ.pdf
[2025-07-30 10:01:53] INFO - Procesado exitosamente: RESOL. VADM - 3152 JULIETH ALEXANDRA FIGUEROA GUTIERREZ.pdf
[2025-07-30 10:06:10] INFO - Procesado exitosamente: RESOL. VADM - 3152 JULIETH ALEXANDRA FIGUEROA GUTIERREZ.pdf
[2025-07-30 10:12:05] INFO - Procesado exitosamente: RESOL. VADM - 3152 JULIETH ALEXANDRA FIGUEROA GUTIERREZ.pdf
[2025-07-30 10:19:16] INFO - Procesado exitosamente: RESOL. VADM - 3152 JULIETH ALEXANDRA FIGUEROA GUTIERREZ.pdf
[2025-07-30 11:11:05] INFO - Procesado exitosamente: RESOL. VADM - 3152 JULIETH ALEXANDRA FIGUEROA GUTIERREZ.pdf
[2025-07-30 11:25:37] INFO - Procesado exitosamente: RESOL. VADM - 3152 JULIETH ALEXANDRA FIGUEROA GUTIERREZ.pdf
[2025-07-30 11:27:48] ERROR - Error procesando RESOL. VADM - 3152 JULIETH ALEXANDRA FIGUEROA GUTIERREZ.pdf: enviar_correo_resolucion() takes 1 positional argument but 2 were given
[2025-07-30 11:31:07] INFO - Procesado exitosamente: RESOL. VADM - 3152 JULIETH ALEXANDRA FIGUEROA GUTIERREZ.pdf
[2025-07-30 13:36:07] INFO - Procesado exitosamente: RESOL. VADM - 3152 JULIETH ALEXANDRA FIGUEROA GUTIERREZ.pdf
[2025-07-30 13:37:54] INFO - Procesado exitosamente: RESOL. VADM - 3152 JULIETH ALEXANDRA FIGUEROA GUTIERREZ.pdf
[2025-07-30 13:39:03] INFO - Procesado exitosamente: RESOL. VADM - 3152 JULIETH ALEXANDRA FIGUEROA GUTIERREZ.pdf
[2025-07-30 13:51:09] INFO - Procesado exitosamente: RESOL. VADM - 3152 JULIETH ALEXANDRA FIGUEROA GUTIERREZ.pdf
[2025-07-30 15:10:41] INFO - Procesado exitosamente: RESOL. VADM -  3500 WILLIAM ANDRÉS VARGAS GARZON.pdf
[2025-07-30 15:11:10] INFO - Procesado exitosamente: RESOL. VADM - 3487 JUAN ISAACS ORTIZ ANDRADE.pdf
[2025-07-30 15:11:39] INFO - Procesado exitosamente: RESOL. VADM - 3488 DAVID ANDRÉS BALLESTEROS CASTRO.pdf
[2025-07-30 15:12:08] INFO - Procesado exitosamente: RESOL. VADM - 3488 LIA JASMIN JIMENEZ RAMIREZ.pdf
[2025-07-30 15:12:36] INFO - Procesado exitosamente: RESOL. VADM - 3489 GUILLERMO VALLEJO VALLECILA.pdf
